[2025-02-15 13:43:40.766613] Failed to set ini setting: max_input_time
[2025-02-19 12:00:30.025090] Route not found: GET /admin in /storage/emulated/0/htdocs/main/core/App.php on line 262
[2025-02-19 12:00:31.274681] Uncaught PDOException: SQLSTATE[42S02]: Base table or view not found: 1146 Table 'online_shop.books' doesn't exist in /storage/emulated/0/htdocs/main/core/extension/ExtModel.php:124
Stack trace:
#0 /storage/emulated/0/htdocs/main/core/extension/ExtModel.php(124): PDOStatement->execute()
#1 /storage/emulated/0/htdocs/main/core/extension/ExtModel.php(35): ExtModel->execute(Object(PDOStatement), Array, NULL)
#2 /storage/emulated/0/htdocs/main/src/controller/BookController.php(15): ExtModel->all()
#3 /storage/emulated/0/htdocs/main/core/App.php(302): BookController->index(Array)
#4 /storage/emulated/0/htdocs/main/src/middleware/SanitizeMiddleware.php(19): App->process(Object(Request), Object(Response), Object(App))
#5 /storage/emulated/0/htdocs/main/core/App.php(297): SanitizeMiddleware->process(Object(Request), Object(Response), Object(App))
#6 /storage/emulated/0/htdocs/main/src/middleware/CsrfGenerateMiddleware.php(7): App->process(Object(Request), Object(Response), Object(App))
#7 /storage/emulated/0/htdocs/main/core/App.php(297): CsrfGenerateMiddleware->process(Object(Request), Object(Response), Object(App))
#8 /storage/emulated/0/htdocs/main/src/middleware/SessionMiddleware.php(15): App->process(Object(Request), Object(Response), Object(App))
#9 /storage/emulated/0/htdocs/main/core/App.php(297): SessionMiddleware->process(Object(Request), Object(Response), Object(App))
#10 /storage/emulated/0/htdocs/main/core/App.php(289): App->process(Object(Request), Object(Response), Object(App))
#11 /storage/emulated/0/htdocs/main/index.php(84): App->run()
#12 {main}
  thrown in /storage/emulated/0/htdocs/main/core/extension/ExtModel.php on line 124
[2025-02-19 12:01:18.766365] Uncaught PDOException: SQLSTATE[42S02]: Base table or view not found: 1146 Table 'online_shop.books' doesn't exist in /storage/emulated/0/htdocs/main/core/extension/ExtModel.php:124
Stack trace:
#0 /storage/emulated/0/htdocs/main/core/extension/ExtModel.php(124): PDOStatement->execute()
#1 /storage/emulated/0/htdocs/main/core/extension/ExtModel.php(35): ExtModel->execute(Object(PDOStatement), Array, NULL)
#2 /storage/emulated/0/htdocs/main/src/controller/BookController.php(15): ExtModel->all()
#3 /storage/emulated/0/htdocs/main/core/App.php(302): BookController->index(Array)
#4 /storage/emulated/0/htdocs/main/src/middleware/SanitizeMiddleware.php(19): App->process(Object(Request), Object(Response), Object(App))
#5 /storage/emulated/0/htdocs/main/core/App.php(297): SanitizeMiddleware->process(Object(Request), Object(Response), Object(App))
#6 /storage/emulated/0/htdocs/main/src/middleware/CsrfGenerateMiddleware.php(7): App->process(Object(Request), Object(Response), Object(App))
#7 /storage/emulated/0/htdocs/main/core/App.php(297): CsrfGenerateMiddleware->process(Object(Request), Object(Response), Object(App))
#8 /storage/emulated/0/htdocs/main/src/middleware/SessionMiddleware.php(15): App->process(Object(Request), Object(Response), Object(App))
#9 /storage/emulated/0/htdocs/main/core/App.php(297): SessionMiddleware->process(Object(Request), Object(Response), Object(App))
#10 /storage/emulated/0/htdocs/main/core/App.php(289): App->process(Object(Request), Object(Response), Object(App))
#11 /storage/emulated/0/htdocs/main/index.php(84): App->run()
#12 {main}
  thrown in /storage/emulated/0/htdocs/main/core/extension/ExtModel.php on line 124
[2025-02-19 12:01:20.182044] Uncaught PDOException: SQLSTATE[42S02]: Base table or view not found: 1146 Table 'online_shop.books' doesn't exist in /storage/emulated/0/htdocs/main/core/extension/ExtModel.php:124
Stack trace:
#0 /storage/emulated/0/htdocs/main/core/extension/ExtModel.php(124): PDOStatement->execute()
#1 /storage/emulated/0/htdocs/main/core/extension/ExtModel.php(35): ExtModel->execute(Object(PDOStatement), Array, NULL)
#2 /storage/emulated/0/htdocs/main/src/controller/BookController.php(15): ExtModel->all()
#3 /storage/emulated/0/htdocs/main/core/App.php(302): BookController->index(Array)
#4 /storage/emulated/0/htdocs/main/src/middleware/SanitizeMiddleware.php(19): App->process(Object(Request), Object(Response), Object(App))
#5 /storage/emulated/0/htdocs/main/core/App.php(297): SanitizeMiddleware->process(Object(Request), Object(Response), Object(App))
#6 /storage/emulated/0/htdocs/main/src/middleware/CsrfGenerateMiddleware.php(7): App->process(Object(Request), Object(Response), Object(App))
#7 /storage/emulated/0/htdocs/main/core/App.php(297): CsrfGenerateMiddleware->process(Object(Request), Object(Response), Object(App))
#8 /storage/emulated/0/htdocs/main/src/middleware/SessionMiddleware.php(15): App->process(Object(Request), Object(Response), Object(App))
#9 /storage/emulated/0/htdocs/main/core/App.php(297): SessionMiddleware->process(Object(Request), Object(Response), Object(App))
#10 /storage/emulated/0/htdocs/main/core/App.php(289): App->process(Object(Request), Object(Response), Object(App))
#11 /storage/emulated/0/htdocs/main/index.php(84): App->run()
#12 {main}
  thrown in /storage/emulated/0/htdocs/main/core/extension/ExtModel.php on line 124
