[2025-01-30 17:49:00.018992] Route not found: /edit/43f in /storage/emulated/0/htdocs/test_fm/core/App.php on line 259
[2025-01-30 17:49:15.525922] Route not found: /edit/43f in /storage/emulated/0/htdocs/test_fm/core/App.php on line 259
[2025-01-31 07:29:09.322840] Route not found: /c in /storage/emulated/0/htdocs/test_fm/core/App.php on line 265
[2025-01-31 10:47:03.500200] Route not found: /createl in /storage/emulated/0/htdocs/test_fm/core/App.php on line 265
[2025-01-31 10:47:06.795228] Route not found: /createl in /storage/emulated/0/htdocs/test_fm/core/App.php on line 265
[2025-01-31 10:48:03.767096] Route not found: /createl in /storage/emulated/0/htdocs/test_fm/core/App.php on line 265
[2025-01-31 10:48:10.280354] Route not found: /d in /storage/emulated/0/htdocs/test_fm/core/App.php on line 265
[2025-01-31 10:48:14.435461] Route not found: /f in /storage/emulated/0/htdocs/test_fm/core/App.php on line 265
[2025-01-31 10:48:18.490978] Route not found: /f in /storage/emulated/0/htdocs/test_fm/core/App.php on line 265
[2025-01-31 12:03:57.557436] Route not found: /f in /storage/emulated/0/htdocs/test_fm/core/App.php on line 265
[2025-01-31 12:04:00.078716] Route not found: /f in /storage/emulated/0/htdocs/test_fm/core/App.php on line 265
[2025-01-31 12:04:51.750593] Route not found: /f in /storage/emulated/0/htdocs/test_fm/core/App.php on line 265
[2025-01-31 12:04:52.849968] Route not found: /f in /storage/emulated/0/htdocs/test_fm/core/App.php on line 265
[2025-01-31 12:04:58.633980] Route not found: /f in /storage/emulated/0/htdocs/test_fm/core/App.php on line 265
[2025-01-31 12:25:50.206980] Route not found: /f in /storage/emulated/0/htdocs/test_fm/core/App.php on line 265
[2025-01-31 12:25:52.514359] Route not found: /f in /storage/emulated/0/htdocs/test_fm/core/App.php on line 265
[2025-01-31 12:25:54.263246] Route not found: /f in /storage/emulated/0/htdocs/test_fm/core/App.php on line 265
[2025-01-31 12:25:55.407093] Route not found: /f in /storage/emulated/0/htdocs/test_fm/core/App.php on line 265
[2025-01-31 17:50:28.436584] Route not found: /book/update in /storage/emulated/0/htdocs/test_fm/core/App.php on line 265
[2025-02-01 14:19:40.945991] Route not found: jdj/id/kdkapd/ikfs in /storage/emulated/0/htdocs/test_fm/core/App.php on line 265
